[2021-08-24 04:48:28] production.ERROR: could not find driver {"exception":"[object] (PDOException(code: 0): could not find driver at /home/faizan/Faizan PS/cmpd_prod/app/Helpers/Helpers.php:74)
[stacktrace]
#0 /home/faizan/Faizan PS/cmpd_prod/app/Helpers/Helpers.php(74): PDO->__construct('firebird:host=l...', 'READONLYUSER', 'ReadOnly1234$')
#1 /home/faizan/Faizan PS/cmpd_prod/app/Console/Commands/PmpDispenserZeroReport.php(43): App\\Helpers\\Helpers::pkConnection()
#2 [internal function]: App\\Console\\Commands\\PmpDispenserZeroReport->__construct()
#3 /home/faizan/Faizan PS/cmpd_prod/vendor/laravel/framework/src/Illuminate/Container/Container.php(812): ReflectionClass->newInstanceArgs(Array)
#4 /home/faizan/Faizan PS/cmpd_prod/vendor/laravel/framework/src/Illuminate/Container/Container.php(658): Illuminate\\Container\\Container->build('App\\\\Console\\\\Com...')
#5 /home/faizan/Faizan PS/cmpd_prod/vendor/laravel/framework/src/Illuminate/Container/Container.php(609): Illuminate\\Container\\Container->resolve('App\\\\Console\\\\Com...', Array)
#6 /home/faizan/Faizan PS/cmpd_prod/vendor/laravel/framework/src/Illuminate/Foundation/Application.php(759): Illuminate\\Container\\Container->make('App\\\\Console\\\\Com...', Array)
#7 /home/faizan/Faizan PS/cmpd_prod/vendor/laravel/framework/src/Illuminate/Console/Application.php(241): Illuminate\\Foundation\\Application->make('App\\\\Console\\\\Com...')
#8 /home/faizan/Faizan PS/cmpd_prod/vendor/laravel/framework/src/Illuminate/Foundation/Console/Kernel.php(221): Illuminate\\Console\\Application->resolve('App\\\\Console\\\\Com...')
#9 /home/faizan/Faizan PS/cmpd_prod/vendor/laravel/framework/src/Illuminate/Console/Application.php(148): Illuminate\\Foundation\\Console\\Kernel->Illuminate\\Foundation\\Console\\{closure}(Object(Illuminate\\Console\\Application))
#10 /home/faizan/Faizan PS/cmpd_prod/vendor/laravel/framework/src/Illuminate/Console/Application.php(71): Illuminate\\Console\\Application->bootstrap()
#11 /home/faizan/Faizan PS/cmpd_prod/vendor/laravel/framework/src/Illuminate/Foundation/Console/Kernel.php(317): Illuminate\\Console\\Application->__construct(Object(Illuminate\\Foundation\\Application), Object(Illuminate\\Events\\Dispatcher), '5.7.29')
#12 /home/faizan/Faizan PS/cmpd_prod/vendor/laravel/framework/src/Illuminate/Foundation/Console/Kernel.php(122): Illuminate\\Foundation\\Console\\Kernel->getArtisan()
#13 /home/faizan/Faizan PS/cmpd_prod/artisan(37): Illuminate\\Foundation\\Console\\Kernel->handle(Object(Symfony\\Component\\Console\\Input\\ArgvInput), Object(Symfony\\Component\\Console\\Output\\ConsoleOutput))
#14 {main}
"} 
[2021-08-24 04:48:48] production.ERROR: could not find driver {"exception":"[object] (PDOException(code: 0): could not find driver at /home/faizan/Faizan PS/cmpd_prod/app/Helpers/Helpers.php:74)
[stacktrace]
#0 /home/faizan/Faizan PS/cmpd_prod/app/Helpers/Helpers.php(74): PDO->__construct('firebird:host=l...', 'READONLYUSER', 'ReadOnly1234$')
#1 /home/faizan/Faizan PS/cmpd_prod/app/Console/Commands/PmpDispenserZeroReport.php(43): App\\Helpers\\Helpers::pkConnection()
#2 [internal function]: App\\Console\\Commands\\PmpDispenserZeroReport->__construct()
#3 /home/faizan/Faizan PS/cmpd_prod/vendor/laravel/framework/src/Illuminate/Container/Container.php(812): ReflectionClass->newInstanceArgs(Array)
#4 /home/faizan/Faizan PS/cmpd_prod/vendor/laravel/framework/src/Illuminate/Container/Container.php(658): Illuminate\\Container\\Container->build('App\\\\Console\\\\Com...')
#5 /home/faizan/Faizan PS/cmpd_prod/vendor/laravel/framework/src/Illuminate/Container/Container.php(609): Illuminate\\Container\\Container->resolve('App\\\\Console\\\\Com...', Array)
#6 /home/faizan/Faizan PS/cmpd_prod/vendor/laravel/framework/src/Illuminate/Foundation/Application.php(759): Illuminate\\Container\\Container->make('App\\\\Console\\\\Com...', Array)
#7 /home/faizan/Faizan PS/cmpd_prod/vendor/laravel/framework/src/Illuminate/Console/Application.php(241): Illuminate\\Foundation\\Application->make('App\\\\Console\\\\Com...')
#8 /home/faizan/Faizan PS/cmpd_prod/vendor/laravel/framework/src/Illuminate/Foundation/Console/Kernel.php(221): Illuminate\\Console\\Application->resolve('App\\\\Console\\\\Com...')
#9 /home/faizan/Faizan PS/cmpd_prod/vendor/laravel/framework/src/Illuminate/Console/Application.php(148): Illuminate\\Foundation\\Console\\Kernel->Illuminate\\Foundation\\Console\\{closure}(Object(Illuminate\\Console\\Application))
#10 /home/faizan/Faizan PS/cmpd_prod/vendor/laravel/framework/src/Illuminate/Console/Application.php(71): Illuminate\\Console\\Application->bootstrap()
#11 /home/faizan/Faizan PS/cmpd_prod/vendor/laravel/framework/src/Illuminate/Foundation/Console/Kernel.php(317): Illuminate\\Console\\Application->__construct(Object(Illuminate\\Foundation\\Application), Object(Illuminate\\Events\\Dispatcher), '5.7.29')
#12 /home/faizan/Faizan PS/cmpd_prod/vendor/laravel/framework/src/Illuminate/Foundation/Console/Kernel.php(122): Illuminate\\Foundation\\Console\\Kernel->getArtisan()
#13 /home/faizan/Faizan PS/cmpd_prod/artisan(37): Illuminate\\Foundation\\Console\\Kernel->handle(Object(Symfony\\Component\\Console\\Input\\ArgvInput), Object(Symfony\\Component\\Console\\Output\\ConsoleOutput))
#14 {main}
"} 
[2021-08-24 04:49:22] production.ERROR: could not find driver {"exception":"[object] (PDOException(code: 0): could not find driver at /home/faizan/Faizan PS/cmpd_prod/app/Helpers/Helpers.php:74)
[stacktrace]
#0 /home/faizan/Faizan PS/cmpd_prod/app/Helpers/Helpers.php(74): PDO->__construct('firebird:host=l...', 'READONLYUSER', 'ReadOnly1234$')
#1 /home/faizan/Faizan PS/cmpd_prod/app/Console/Commands/PmpDispenserZeroReport.php(43): App\\Helpers\\Helpers::pkConnection()
#2 [internal function]: App\\Console\\Commands\\PmpDispenserZeroReport->__construct()
#3 /home/faizan/Faizan PS/cmpd_prod/vendor/laravel/framework/src/Illuminate/Container/Container.php(812): ReflectionClass->newInstanceArgs(Array)
#4 /home/faizan/Faizan PS/cmpd_prod/vendor/laravel/framework/src/Illuminate/Container/Container.php(658): Illuminate\\Container\\Container->build('App\\\\Console\\\\Com...')
#5 /home/faizan/Faizan PS/cmpd_prod/vendor/laravel/framework/src/Illuminate/Container/Container.php(609): Illuminate\\Container\\Container->resolve('App\\\\Console\\\\Com...', Array)
#6 /home/faizan/Faizan PS/cmpd_prod/vendor/laravel/framework/src/Illuminate/Foundation/Application.php(759): Illuminate\\Container\\Container->make('App\\\\Console\\\\Com...', Array)
#7 /home/faizan/Faizan PS/cmpd_prod/vendor/laravel/framework/src/Illuminate/Console/Application.php(241): Illuminate\\Foundation\\Application->make('App\\\\Console\\\\Com...')
#8 /home/faizan/Faizan PS/cmpd_prod/vendor/laravel/framework/src/Illuminate/Foundation/Console/Kernel.php(221): Illuminate\\Console\\Application->resolve('App\\\\Console\\\\Com...')
#9 /home/faizan/Faizan PS/cmpd_prod/vendor/laravel/framework/src/Illuminate/Console/Application.php(148): Illuminate\\Foundation\\Console\\Kernel->Illuminate\\Foundation\\Console\\{closure}(Object(Illuminate\\Console\\Application))
#10 /home/faizan/Faizan PS/cmpd_prod/vendor/laravel/framework/src/Illuminate/Console/Application.php(71): Illuminate\\Console\\Application->bootstrap()
#11 /home/faizan/Faizan PS/cmpd_prod/vendor/laravel/framework/src/Illuminate/Foundation/Console/Kernel.php(317): Illuminate\\Console\\Application->__construct(Object(Illuminate\\Foundation\\Application), Object(Illuminate\\Events\\Dispatcher), '5.7.29')
#12 /home/faizan/Faizan PS/cmpd_prod/vendor/laravel/framework/src/Illuminate/Foundation/Console/Kernel.php(122): Illuminate\\Foundation\\Console\\Kernel->getArtisan()
#13 /home/faizan/Faizan PS/cmpd_prod/artisan(37): Illuminate\\Foundation\\Console\\Kernel->handle(Object(Symfony\\Component\\Console\\Input\\ArgvInput), Object(Symfony\\Component\\Console\\Output\\ConsoleOutput))
#14 {main}
"} 
